eeschema (2013-07-07 BZR 4022)-stable  >> Creation date: 1/26/2014 12:29:53 AM
#Cmp ( order = Reference )
| C1         C           
| C2         C           
| C3         C           
| C4         C           
| GND1       CONNECTOR   
| P1         CONN_1      
| P2         CONN_1      
| P3         CONN_1      
| P4         CONN_1      
| P5         CONN_1      
| P6         CONN_1      
| P7         CONN_1      
| P8         CONN_1      
| P9         CONN_1      
| P10        CONN_1      
| P11        CONN_1      
| P12        CONN_1      
| P13        CONN_1      
| P14        CONN_1      
| P15        CONN_1      
| P16        CONN_1      
| P17        CONN_1      
| P18        CONN_1      
| P19        CONN_1      
| P20        CONN_1      
| P21        CONN_1      
| P22        CONN_1      
| P23        CONN_1      
| P24        CONN_1      
| P25        CONN_1      
| P26        CONN_1      
| P27        CONN_1      
| P28        CONN_1      
| U1         DS1602      
| U2         DS1602      
| U3         DS1602      
| U4         DS1602      
| VCC1       CONNECTOR   
#End Cmp

#Cmp ( order = Value )
| C            C1        
| C            C2        
| C            C3        
| C            C4        
| CONNECTOR    GND1      
| CONN_1       P1        
| CONN_1       P2        
| CONN_1       P3        
| CONN_1       P4        
| CONN_1       P5        
| CONN_1       P6        
| CONN_1       P7        
| CONN_1       P8        
| CONN_1       P9        
| CONN_1       P10       
| CONN_1       P11       
| CONN_1       P12       
| CONN_1       P13       
| CONN_1       P14       
| CONN_1       P15       
| CONN_1       P16       
| CONN_1       P17       
| CONN_1       P18       
| CONN_1       P19       
| CONN_1       P20       
| CONN_1       P21       
| CONN_1       P22       
| CONN_1       P23       
| CONN_1       P24       
| CONN_1       P25       
| CONN_1       P26       
| CONN_1       P27       
| CONN_1       P28       
| DS1602       U1        
| DS1602       U2        
| DS1602       U3        
| DS1602       U4        
| CONNECTOR    VCC1      
#End Cmp

#End List
